--- Program Information ---
WesChat, Version: 1.2
Author: Wesley R. Parsons
Date: February 15, 2026
Sequence Length (SeqLen): 128
Model Dimensions (ModelDim): 160
Dimensional Projections (Proj): 4
Heads (nHead): 8
Blocks (nBlock): 4
Learning Rate (LearningRate): 0.0100
Trainable Parameters: Wq, Wk, Wv, W0, W1, b1, W2, b2, gamma1, beta1, beta2, gamma2
Maximum Vocabulary (MaxVocab): 12000
Number of Vocabulary (nVocab): 15000

--- File Information ---
Files used in symbol table: 
bela.txt   1036 bytes   6/25/1993 8:08:26 AM  

--- Time Statistics ---
Start time: 3/26/2026 9:13:49 AM     End time: 3/26/2026 9:13:50 AM
Total elapsed time: 0 hours, 0 min 0.9830 sec
--- BPE Statistics ---
Original text size (bytes/tokens): 1036
Encoded text size (bytes/tokens): 448
Compression ratio: 2.3125
Tokens per second: 1053.9166

--- Token Statistics ---
Merged token instances: 281
Unmerged token instances: 167
Mean token length: 2.3125
--- Top 30 Most Frequent Merged Tokens ---
   1  ID=   260  Count=       9  Symbol="e "
   2  ID=   261  Count=       7  Symbol="th"
   3  ID=   265  Count=       7  Symbol="t "
   4  ID=   267  Count=       7  Symbol="s "
   5  ID=   264  Count=       6  Symbol="er"
   6  ID=   262  Count=       5  Symbol="  "
   7  ID=   272  Count=       5  Symbol="or"
   8  ID=   275  Count=       5  Symbol="y "
   9  ID=   287  Count=       5  Symbol="a "
  10  ID=   292  Count=       5  Symbol=", "
  11  ID=   301  Count=       5  Symbol="re"
  12  ID=   288  Count=       4  Symbol="ar"
  13  ID=   280  Count=       4  Symbol="on"
  14  ID=   298  Count=       4  Symbol="e  "
  15  ID=   299  Count=       4  Symbol="ab"
  16  ID=   300  Count=       4  Symbol="at "
  17  ID=   276  Count=       4  Symbol="en"
  18  ID=   304  Count=       4  Symbol="pl"
  19  ID=   376  Count=       4  Symbol="ot"
  20  ID=   270  Count=       3  Symbol="an"
  21  ID=   281  Count=       3  Symbol="ou"
  22  ID=   268  Count=       3  Symbol="d "
  23  ID=   278  Count=       3  Symbol="se"
  24  ID=   289  Count=       3  Symbol="at"
  25  ID=   306  Count=       3  Symbol="and "
  26  ID=   310  Count=       3  Symbol="ion"
  27  ID=   312  Count=       3  Symbol="eye"
  28  ID=   316  Count=       3  Symbol=".    "
  29  ID=   320  Count=       3  Symbol="ter"
  30  ID=   321  Count=       3  Symbol="to "
Hit <CR> to continue.... 
Merged tokens never used: 30
Merged tokens used only once: 19
Top 30 merged tokens account for 131 / 279 merged-token instances = 46.95%

