--- Program Information ---
WesChat, Version: 1.2
Author: Wesley R. Parsons
Date: February 15, 2026
Sequence Length (SeqLen): 128
Model Dimensions (ModelDim): 160
Dimensional Projections (Proj): 4
Heads (nHead): 8
Blocks (nBlock): 4
Learning Rate (LearningRate): 0.0100
Trainable Parameters: Wq, Wk, Wv, W0, W1, b1, W2, b2, gamma1, beta1, beta2, gamma2
Maximum Vocabulary (MaxVocab): 12000
Number of Vocabulary (nVocab): 15000

--- File Information ---
Files used in symbol table: 
bela.txt  

--- Time Statistics ---
Start time: 3/26/2026 8:51:21 AM     End time: 3/26/2026 8:51:33 AM
Total elapsed time: 0 hours, 0 min 12.1380 sec
--- BPE Statistics ---
Original text size (bytes/tokens): 1036
Encoded text size (bytes/tokens): 278
Compression ratio: 3.7266

--- Token Statistics ---
Merged token instances: 0
Unmerged token instances: 0
Mean token length: 3.7266
--- Top 30 Most Frequent Merged Tokens ---
Merged tokens never used: 0
Merged tokens used only once: 0
Top 0 merged tokens account for 0 / 0 merged-token instances = 0.00%

